#
# There is insufficient memory for the Java Runtime Environment to continue.
# Native memory allocation (malloc) failed to allocate 1078576 bytes for Chunk::new
# Possible reasons:
#   The system is out of physical RAM or swap space
#   The process is running with CompressedOops enabled, and the Java Heap may be blocking the growth of the native heap
# Possible solutions:
#   Reduce memory load on the system
#   Increase physical memory or swap space
#   Check if swap backing store is full
#   Decrease Java heap size (-Xmx/-Xms)
#   Decrease number of Java threads
#   Decrease Java thread stack sizes (-Xss)
#   Set larger code cache with -XX:ReservedCodeCacheSize=
#   JVM is running with Unscaled Compressed Oops mode in which the Java heap is
#     placed in the first 4GB address space. The Java Heap base address is the
#     maximum limit for the native heap growth. Please use -XX:HeapBaseMinAddress
#     to set the Java Heap base and to place the Java Heap above 4GB virtual address.
# This output file may be truncated or incomplete.
#
#  Out of Memory Error (allocation.cpp:389), pid=15512, tid=0x0000000000006d98
#
# JRE version: OpenJDK Runtime Environment (8.0_242-b01) (build 1.8.0_242-release-1644-b01)
# Java VM: OpenJDK 64-Bit Server VM (25.242-b01 mixed mode windows-amd64 compressed oops)
# Failed to write core dump. Minidumps are not enabled by default on client versions of Windows
#

---------------  T H R E A D  ---------------

Current thread (0x0000000019414800):  JavaThread "C2 CompilerThread2" daemon [_thread_in_native, id=28056, stack(0x0000000019ed0000,0x0000000019fd0000)]

Stack: [0x0000000019ed0000,0x0000000019fd0000]
[error occurred during error reporting (printing stack bounds), id 0xc0000005]

Native frames: (J=compiled Java code, j=interpreted, Vv=VM code, C=native code)


Current CompileTask:
C2:6942742 35050       4       org.gradle.api.internal.artifacts.configurations.DefaultConfiguration_Decorated::getAllArtifacts (39 bytes)


---------------  P R O C E S S  ---------------

Java Threads: ( => current thread )
  0x000000001e379000 JavaThread "stdout" [_thread_in_native, id=25212, stack(0x0000000063020000,0x0000000063120000)]
  0x000000001f7bd800 JavaThread "stderr" [_thread_in_native, id=27072, stack(0x0000000062f20000,0x0000000063020000)]
  0x000000001f7bd000 JavaThread "pool-35-thread-1" [_thread_blocked, id=31468, stack(0x0000000062e20000,0x0000000062f20000)]
  0x000000001f7c2000 JavaThread "WorkerExecutor Queue Thread 2" [_thread_blocked, id=13436, stack(0x0000000062d20000,0x0000000062e20000)]
  0x000000001f7b4800 JavaThread "WorkerExecutor Queue" [_thread_blocked, id=10164, stack(0x0000000062c20000,0x0000000062d20000)]
  0x000000001f7bb800 JavaThread "Cache worker for execution history cache (C:\Users\Cherny\AndroidStudioProjects\NeuralPushkin\.gradle\6.1.1\executionHistory)" [_thread_blocked, id=24468, stack(0x0000000062b20000,0x0000000062c20000)]
  0x000000001f7b9000 JavaThread "Execution worker for ':' Thread 7" [_thread_blocked, id=27960, stack(0x0000000062a20000,0x0000000062b20000)]
  0x000000001f7b8800 JavaThread "Execution worker for ':' Thread 6" [_thread_blocked, id=33576, stack(0x0000000062920000,0x0000000062a20000)]
  0x0000000021c7d000 JavaThread "Execution worker for ':' Thread 5" [_thread_blocked, id=32120, stack(0x0000000062820000,0x0000000062920000)]
  0x0000000021c7e800 JavaThread "Execution worker for ':' Thread 4" [_thread_blocked, id=31264, stack(0x0000000062720000,0x0000000062820000)]
  0x0000000021c83800 JavaThread "Execution worker for ':' Thread 3" [_thread_blocked, id=1556, stack(0x0000000062620000,0x0000000062720000)]
  0x0000000021c79000 JavaThread "Execution worker for ':' Thread 2" [_thread_blocked, id=10848, stack(0x0000000062520000,0x0000000062620000)]
  0x0000000021c7c000 JavaThread "Execution worker for ':'" [_thread_blocked, id=21232, stack(0x0000000062420000,0x0000000062520000)]
  0x0000000021c7a000 JavaThread "Cache worker for file content cache (C:\Users\Cherny\AndroidStudioProjects\NeuralPushkin\.gradle\6.1.1\fileContent)" [_thread_blocked, id=31224, stack(0x0000000062320000,0x0000000062420000)]
  0x0000000021c7a800 JavaThread "Cache worker for Build Output Cleanup Cache (C:\Users\Cherny\AndroidStudioProjects\NeuralPushkin\.gradle\buildOutputCleanup)" [_thread_blocked, id=25732, stack(0x0000000062220000,0x0000000062320000)]
  0x0000000021c80000 JavaThread "Build operations Thread 8" [_thread_blocked, id=17708, stack(0x0000000062120000,0x0000000062220000)]
  0x000000002ba21000 JavaThread "Build operations Thread 7" [_thread_blocked, id=5500, stack(0x0000000062020000,0x0000000062120000)]
  0x000000002ba1f000 JavaThread "Build operations Thread 6" [_thread_blocked, id=27176, stack(0x0000000061f20000,0x0000000062020000)]
  0x000000002ba1e000 JavaThread "Build operations Thread 5" [_thread_blocked, id=34636, stack(0x0000000061e20000,0x0000000061f20000)]
  0x000000002ba16800 JavaThread "Build operations Thread 4" [_thread_blocked, id=22236, stack(0x0000000061d20000,0x0000000061e20000)]
  0x000000002ba1d800 JavaThread "Build operations Thread 3" [_thread_blocked, id=27620, stack(0x0000000061c20000,0x0000000061d20000)]
  0x000000002ba1c000 JavaThread "Build operations Thread 2" [_thread_blocked, id=27424, stack(0x0000000061b20000,0x0000000061c20000)]
  0x000000002ba1b000 JavaThread "Build operations" [_thread_blocked, id=21860, stack(0x0000000061a20000,0x0000000061b20000)]
  0x000000002ba13800 JavaThread "Cache worker for cache directory md-rule (C:\Users\Cherny\.gradle\caches\6.1.1\md-rule)" [_thread_blocked, id=7868, stack(0x0000000060f10000,0x0000000061010000)]
  0x000000002ba16000 JavaThread "Cache worker for cache directory md-supplier (C:\Users\Cherny\.gradle\caches\6.1.1\md-supplier)" [_thread_blocked, id=14832, stack(0x0000000060e10000,0x0000000060f10000)]
  0x000000002ba19000 JavaThread "Cache worker for file hash cache (C:\Users\Cherny\AndroidStudioProjects\NeuralPushkin\.gradle\6.1.1\fileHashes)" [_thread_blocked, id=34460, stack(0x0000000060d10000,0x0000000060e10000)]
  0x000000002ba18000 JavaThread "Cache worker for checksums cache (C:\Users\Cherny\AndroidStudioProjects\NeuralPushkin\.gradle\checksums)" [_thread_blocked, id=5736, stack(0x0000000060c10000,0x0000000060d10000)]
  0x000000002ba14800 JavaThread "Thread-637" [_thread_blocked, id=11660, stack(0x0000000060b10000,0x0000000060c10000)]
  0x00000000295b0000 JavaThread "Stdin handler" [_thread_blocked, id=17660, stack(0x0000000060a10000,0x0000000060b10000)]
  0x00000000295af800 JavaThread "Asynchronous log dispatcher for DefaultDaemonConnection: socket connection from /127.0.0.1:64260 to /127.0.0.1:49275" [_thread_blocked, id=33560, stack(0x0000000060910000,0x0000000060a10000)]
  0x00000000295ad000 JavaThread "Daemon worker Thread 14" [_thread_blocked, id=32980, stack(0x0000000060810000,0x0000000060910000)]
  0x00000000295b1800 JavaThread "Cancel handler" [_thread_blocked, id=23632, stack(0x0000000060710000,0x0000000060810000)]
  0x00000000295ab800 JavaThread "Handler for socket connection from /127.0.0.1:64260 to /127.0.0.1:49275" [_thread_in_native, id=29120, stack(0x0000000060610000,0x0000000060710000)]
  0x00000000295ac800 JavaThread "Daemon Thread 14" [_thread_blocked, id=34616, stack(0x0000000060510000,0x0000000060610000)]
  0x0000000021c86000 JavaThread "Cache worker for Java compile cache (C:\Users\Cherny\.gradle\caches\6.1.1\javaCompile)" [_thread_blocked, id=1580, stack(0x00000000287a0000,0x00000000288a0000)]
  0x000000001eb8b800 JavaThread "Cache worker for file content cache (C:\Users\Cherny\.gradle\caches\6.1.1\fileContent)" [_thread_blocked, id=26104, stack(0x0000000024570000,0x0000000024670000)]
  0x000000001eb8a800 JavaThread "Memory manager" [_thread_blocked, id=15392, stack(0x0000000024470000,0x0000000024570000)]
  0x000000001c08e000 JavaThread "Cache worker for execution history cache (C:\Users\Cherny\.gradle\caches\6.1.1\executionHistory)" [_thread_blocked, id=10668, stack(0x0000000020e50000,0x0000000020f50000)]
  0x000000001c092000 JavaThread "Cache worker for file hash cache (C:\Users\Cherny\.gradle\caches\6.1.1\fileHashes)" [_thread_blocked, id=30576, stack(0x000000001e200000,0x000000001e300000)]
  0x000000001c08d800 JavaThread "File lock request listener" [_thread_in_native, id=31276, stack(0x000000001e100000,0x000000001e200000)]
  0x000000001a39c000 JavaThread "Cache worker for journal cache (C:\Users\Cherny\.gradle\caches\journal-1)" [_thread_blocked, id=16292, stack(0x000000001e000000,0x000000001e100000)]
  0x000000001bc3b800 JavaThread "Daemon periodic checks" [_thread_blocked, id=21640, stack(0x000000001d300000,0x000000001d400000)]
  0x000000001bc48800 JavaThread "Incoming local TCP Connector on port 64260" [_thread_in_native, id=15596, stack(0x000000001d0b0000,0x000000001d1b0000)]
  0x000000001bb5d000 JavaThread "Daemon health stats" [_thread_blocked, id=34484, stack(0x000000001ca70000,0x000000001cb70000)]
  0x000000001949d800 JavaThread "Service Thread" daemon [_thread_blocked, id=12688, stack(0x000000001a0d0000,0x000000001a1d0000)]
  0x0000000019418800 JavaThread "C1 CompilerThread3" daemon [_thread_blocked, id=19024, stack(0x0000000019fd0000,0x000000001a0d0000)]
=>0x0000000019414800 JavaThread "C2 CompilerThread2" daemon [_thread_in_native, id=28056, stack(0x0000000019ed0000,0x0000000019fd0000)]
  0x0000000019404800 JavaThread "C2 CompilerThread1" daemon [_thread_in_native, id=29468, stack(0x0000000019dd0000,0x0000000019ed0000)]
  0x0000000019402000 JavaThread "C2 CompilerThread0" daemon [_thread_in_native, id=29180, stack(0x0000000019cd0000,0x0000000019dd0000)]
  0x0000000019401000 JavaThread "Attach Listener" daemon [_thread_blocked, id=33944, stack(0x0000000019bd0000,0x0000000019cd0000)]
  0x00000000193ff000 JavaThread "Signal Dispatcher" daemon [_thread_blocked, id=15600, stack(0x0000000019ad0000,0x0000000019bd0000)]
  0x00000000175e1800 JavaThread "Finalizer" daemon [_thread_blocked, id=12720, stack(0x00000000198d0000,0x00000000199d0000)]
  0x0000000002568800 JavaThread "Reference Handler" daemon [_thread_blocked, id=27680, stack(0x00000000197d0000,0x00000000198d0000)]
  0x00000000022de000 JavaThread "main" [_thread_blocked, id=26680, stack(0x0000000002370000,0x0000000002470000)]

Other Threads:
  0x00000000175d7000 VMThread [stack: 0x00000000192d0000,0x00000000193d0000] [id=4460]
  0x000000001949e800 WatcherThread [stack: 0x000000001a1d0000,0x000000001a2d0000] [id=31228]

VM state:not at safepoint (normal execution)

VM Mutex/Monitor currently owned by a thread: None

heap address: 0x0000000080000000, size: 2048 MB, Compressed Oops mode: 32-bit
Narrow klass base: 0x0000000000000000, Narrow klass shift: 3
Compressed class space size: 1073741824 Address: 0x0000000100000000

Heap:
 PSYoungGen      total 610304K, used 583776K [0x00000000d5580000, 0x0000000100000000, 0x0000000100000000)
  eden space 534016K, 98% used [0x00000000d5580000,0x00000000f58184a0,0x00000000f5f00000)
  from space 76288K, 74% used [0x00000000fad00000,0x00000000fe47fbb8,0x00000000ff780000)
  to   space 79872K, 0% used [0x00000000f5f00000,0x00000000f5f00000,0x00000000fad00000)
 ParOldGen       total 424960K, used 87352K [0x0000000080000000, 0x0000000099f00000, 0x00000000d5580000)
  object space 424960K, 20% used [0x0000000080000000,0x000000008554e0d8,0x0000000099f00000)
 Metaspace       used 172106K, capacity 180622K, committed 180976K, reserved 1208320K
  class space    used 20923K, capacity 22458K, committed 22576K, reserved 1048576K

Card table byte_map: [0x0000000011930000,0x0000000011d40000] byte_map_base: 0x0000000011530000

Marking Bits: (ParMarkBitMap*) 0x000000006199f030
 Begin Bits: [0x00000000127f0000, 0x00000000147f0000)
 End Bits:   [0x00000000147f0000, 0x00000000167f0000)

Polling page: 0x0000000000670000

CodeCache: size=245760Kb used=94475Kb max_used=94583Kb free=151284Kb
 bounds [0x0000000002570000, 0x0000000008290000, 0x0000000011570000]
 total_blobs=27063 nmethods=26167 adapters=805
 compilation: enabled

Compilation events (10 events):
Event: 6942.531 Thread 0x0000000019418800 35070       3       com.google.gson.internal.$Gson$Types::canonicalize (139 bytes)
Event: 6942.533 Thread 0x0000000019418800 nmethod 35070 0x000000000658a390 code [0x000000000658a660, 0x000000000658bc68]
Event: 6942.536 Thread 0x0000000019418800 35071       3       java.util.concurrent.CountDownLatch::await (9 bytes)
Event: 6942.538 Thread 0x0000000019418800 nmethod 35071 0x0000000002fadfd0 code [0x0000000002fae180, 0x0000000002fae748]
Event: 6942.541 Thread 0x0000000019418800 35073  s    3       java.io.File::readObject (80 bytes)
Event: 6942.542 Thread 0x0000000019418800 nmethod 35073 0x0000000006589650 code [0x0000000006589820, 0x000000000658a058]
Event: 6942.545 Thread 0x0000000019418800 35074       3       java.io.ObjectInputStream::readClass (90 bytes)
Event: 6942.546 Thread 0x0000000019418800 nmethod 35074 0x0000000006588ad0 code [0x0000000006588cc0, 0x00000000065892b8]
Event: 6942.550 Thread 0x0000000019418800 35072       3       java.util.concurrent.locks.AbstractQueuedSynchronizer::acquireSharedInterruptibly (28 bytes)
Event: 6942.551 Thread 0x0000000019418800 nmethod 35072 0x000000000394d290 code [0x000000000394d440, 0x000000000394d878]

GC Heap History (10 events):
Event: 6215.965 GC heap before
{Heap before GC invocations=35 (full 4):
 PSYoungGen      total 612352K, used 561331K [0x00000000d5580000, 0x0000000100000000, 0x0000000100000000)
  eden space 521216K, 100% used [0x00000000d5580000,0x00000000f5280000,0x00000000f5280000)
  from space 91136K, 44% used [0x00000000fa700000,0x00000000fce2cc58,0x0000000100000000)
  to   space 86528K, 0% used [0x00000000f5280000,0x00000000f5280000,0x00000000fa700000)
 ParOldGen       total 364032K, used 182666K [0x0000000080000000, 0x0000000096380000, 0x00000000d5580000)
  object space 364032K, 50% used [0x0000000080000000,0x000000008b2629f0,0x0000000096380000)
 Metaspace       used 153280K, capacity 160182K, committed 160424K, reserved 1189888K
  class space    used 18766K, capacity 20072K, committed 20144K, reserved 1048576K
Event: 6216.029 GC heap after
Heap after GC invocations=35 (full 4):
 PSYoungGen      total 537088K, used 32853K [0x00000000d5580000, 0x00000000fe280000, 0x0000000100000000)
  eden space 503808K, 0% used [0x00000000d5580000,0x00000000d5580000,0x00000000f4180000)
  from space 33280K, 98% used [0x00000000f5280000,0x00000000f72957d8,0x00000000f7300000)
  to   space 82432K, 0% used [0x00000000f9200000,0x00000000f9200000,0x00000000fe280000)
 ParOldGen       total 364032K, used 182674K [0x0000000080000000, 0x0000000096380000, 0x00000000d5580000)
  object space 364032K, 50% used [0x0000000080000000,0x000000008b2649f0,0x0000000096380000)
 Metaspace       used 153280K, capacity 160182K, committed 160424K, reserved 1189888K
  class space    used 18766K, capacity 20072K, committed 20144K, reserved 1048576K
}
Event: 6217.134 GC heap before
{Heap before GC invocations=36 (full 4):
 PSYoungGen      total 537088K, used 98492K [0x00000000d5580000, 0x00000000fe280000, 0x0000000100000000)
  eden space 503808K, 13% used [0x00000000d5580000,0x00000000d9599838,0x00000000f4180000)
  from space 33280K, 98% used [0x00000000f5280000,0x00000000f72957d8,0x00000000f7300000)
  to   space 82432K, 0% used [0x00000000f9200000,0x00000000f9200000,0x00000000fe280000)
 ParOldGen       total 364032K, used 182674K [0x0000000080000000, 0x0000000096380000, 0x00000000d5580000)
  object space 364032K, 50% used [0x0000000080000000,0x000000008b2649f0,0x0000000096380000)
 Metaspace       used 157389K, capacity 164290K, committed 164336K, reserved 1193984K
  class space    used 19207K, capacity 20528K, committed 20528K, reserved 1048576K
Event: 6217.169 GC heap after
Heap after GC invocations=36 (full 4):
 PSYoungGen      total 589824K, used 32809K [0x00000000d5580000, 0x0000000100000000, 0x0000000100000000)
  eden space 507392K, 0% used [0x00000000d5580000,0x00000000d5580000,0x00000000f4500000)
  from space 82432K, 39% used [0x00000000f9200000,0x00000000fb20a698,0x00000000fe280000)
  to   space 78848K, 0% used [0x00000000f4500000,0x00000000f4500000,0x00000000f9200000)
 ParOldGen       total 364032K, used 182682K [0x0000000080000000, 0x0000000096380000, 0x00000000d5580000)
  object space 364032K, 50% used [0x0000000080000000,0x000000008b2669f0,0x0000000096380000)
 Metaspace       used 157389K, capacity 164290K, committed 164336K, reserved 1193984K
  class space    used 19207K, capacity 20528K, committed 20528K, reserved 1048576K
}
Event: 6217.169 GC heap before
{Heap before GC invocations=37 (full 5):
 PSYoungGen      total 589824K, used 32809K [0x00000000d5580000, 0x0000000100000000, 0x0000000100000000)
  eden space 507392K, 0% used [0x00000000d5580000,0x00000000d5580000,0x00000000f4500000)
  from space 82432K, 39% used [0x00000000f9200000,0x00000000fb20a698,0x00000000fe280000)
  to   space 78848K, 0% used [0x00000000f4500000,0x00000000f4500000,0x00000000f9200000)
 ParOldGen       total 364032K, used 182682K [0x0000000080000000, 0x0000000096380000, 0x00000000d5580000)
  object space 364032K, 50% used [0x0000000080000000,0x000000008b2669f0,0x0000000096380000)
 Metaspace       used 157389K, capacity 164290K, committed 164336K, reserved 1193984K
  class space    used 19207K, capacity 20528K, committed 20528K, reserved 1048576K
Event: 6217.668 GC heap after
Heap after GC invocations=37 (full 5):
 PSYoungGen      total 589824K, used 0K [0x00000000d5580000, 0x0000000100000000, 0x0000000100000000)
  eden space 507392K, 0% used [0x00000000d5580000,0x00000000d5580000,0x00000000f4500000)
  from space 82432K, 0% used [0x00000000f9200000,0x00000000f9200000,0x00000000fe280000)
  to   space 78848K, 0% used [0x00000000f4500000,0x00000000f4500000,0x00000000f9200000)
 ParOldGen       total 424960K, used 87336K [0x0000000080000000, 0x0000000099f00000, 0x00000000d5580000)
  object space 424960K, 20% used [0x0000000080000000,0x000000008554a0d8,0x0000000099f00000)
 Metaspace       used 157019K, capacity 163672K, committed 164336K, reserved 1193984K
  class space    used 19143K, capacity 20409K, committed 20528K, reserved 1048576K
}
Event: 6447.616 GC heap before
{Heap before GC invocations=38 (full 5):
 PSYoungGen      total 589824K, used 507392K [0x00000000d5580000, 0x0000000100000000, 0x0000000100000000)
  eden space 507392K, 100% used [0x00000000d5580000,0x00000000f4500000,0x00000000f4500000)
  from space 82432K, 0% used [0x00000000f9200000,0x00000000f9200000,0x00000000fe280000)
  to   space 78848K, 0% used [0x00000000f4500000,0x00000000f4500000,0x00000000f9200000)
 ParOldGen       total 424960K, used 87336K [0x0000000080000000, 0x0000000099f00000, 0x00000000d5580000)
  object space 424960K, 20% used [0x0000000080000000,0x000000008554a0d8,0x0000000099f00000)
 Metaspace       used 158972K, capacity 165728K, committed 166384K, reserved 1196032K
  class space    used 19362K, capacity 20639K, committed 20784K, reserved 1048576K
Event: 6447.640 GC heap after
Heap after GC invocations=38 (full 5):
 PSYoungGen      total 586240K, used 29639K [0x00000000d5580000, 0x00000000ff780000, 0x0000000100000000)
  eden space 507392K, 0% used [0x00000000d5580000,0x00000000d5580000,0x00000000f4500000)
  from space 78848K, 37% used [0x00000000f4500000,0x00000000f61f1e50,0x00000000f9200000)
  to   space 76288K, 0% used [0x00000000fad00000,0x00000000fad00000,0x00000000ff780000)
 ParOldGen       total 424960K, used 87344K [0x0000000080000000, 0x0000000099f00000, 0x00000000d5580000)
  object space 424960K, 20% used [0x0000000080000000,0x000000008554c0d8,0x0000000099f00000)
 Metaspace       used 158972K, capacity 165728K, committed 166384K, reserved 1196032K
  class space    used 19362K, capacity 20639K, committed 20784K, reserved 1048576K
}
Event: 6826.477 GC heap before
{Heap before GC invocations=39 (full 5):
 PSYoungGen      total 586240K, used 537031K [0x00000000d5580000, 0x00000000ff780000, 0x0000000100000000)
  eden space 507392K, 100% used [0x00000000d5580000,0x00000000f4500000,0x00000000f4500000)
  from space 78848K, 37% used [0x00000000f4500000,0x00000000f61f1e50,0x00000000f9200000)
  to   space 76288K, 0% used [0x00000000fad00000,0x00000000fad00000,0x00000000ff780000)
 ParOldGen       total 424960K, used 87344K [0x0000000080000000, 0x0000000099f00000, 0x00000000d5580000)
  object space 424960K, 20% used [0x0000000080000000,0x000000008554c0d8,0x0000000099f00000)
 Metaspace       used 171519K, capacity 179912K, committed 180080K, reserved 1206272K
  class space    used 20864K, capacity 22367K, committed 22448K, reserved 1048576K
Event: 6826.586 GC heap after
Heap after GC invocations=39 (full 5):
 PSYoungGen      total 610304K, used 56830K [0x00000000d5580000, 0x0000000100000000, 0x0000000100000000)
  eden space 534016K, 0% used [0x00000000d5580000,0x00000000d5580000,0x00000000f5f00000)
  from space 76288K, 74% used [0x00000000fad00000,0x00000000fe47fbb8,0x00000000ff780000)
  to   space 79872K, 0% used [0x00000000f5f00000,0x00000000f5f00000,0x00000000fad00000)
 ParOldGen       total 424960K, used 87352K [0x0000000080000000, 0x0000000099f00000, 0x00000000d5580000)
  object space 424960K, 20% used [0x0000000080000000,0x000000008554e0d8,0x0000000099f00000)
 Metaspace       used 171519K, capacity 179912K, committed 180080K, reserved 1206272K
  class space    used 20864K, capacity 22367K, committed 22448K, reserved 1048576K
}

Deoptimization events (10 events):
Event: 6826.231 Thread 0x0000000021c7d000 Uncommon trap: reason=array_check action=maybe_recompile pc=0x00000000080b7ab8 method=org.antlr.v4.runtime.misc.Array2DHashSet.getOrAddImpl(Ljava/lang/Object;)Ljava/lang/Object; @ 36
Event: 6826.255 Thread 0x0000000021c7d000 Uncommon trap: reason=array_check action=maybe_recompile pc=0x00000000080be688 method=org.antlr.v4.runtime.misc.Array2DHashSet.getOrAddImpl(Ljava/lang/Object;)Ljava/lang/Object; @ 74
Event: 6826.255 Thread 0x0000000021c7d000 Uncommon trap: reason=array_check action=maybe_recompile pc=0x00000000080be688 method=org.antlr.v4.runtime.misc.Array2DHashSet.getOrAddImpl(Ljava/lang/Object;)Ljava/lang/Object; @ 74
Event: 6826.282 Thread 0x0000000021c7d000 Uncommon trap: reason=class_check action=maybe_recompile pc=0x000000000809b0cc method=org.antlr.v4.runtime.atn.SingletonPredictionContext.equals(Ljava/lang/Object;)Z @ 8
Event: 6826.284 Thread 0x0000000021c7d000 Uncommon trap: reason=array_check action=maybe_recompile pc=0x00000000080cbcec method=org.antlr.v4.runtime.misc.Array2DHashSet.getOrAddImpl(Ljava/lang/Object;)Ljava/lang/Object; @ 128
Event: 6826.285 Thread 0x0000000021c7d000 Uncommon trap: reason=array_check action=maybe_recompile pc=0x00000000080cbcec method=org.antlr.v4.runtime.misc.Array2DHashSet.getOrAddImpl(Ljava/lang/Object;)Ljava/lang/Object; @ 128
Event: 6826.324 Thread 0x0000000021c7d000 Uncommon trap: reason=array_check action=maybe_recompile pc=0x00000000080d365c method=org.antlr.v4.runtime.misc.Array2DHashSet.getOrAddImpl(Ljava/lang/Object;)Ljava/lang/Object; @ 133
Event: 6826.324 Thread 0x0000000021c7d000 Uncommon trap: reason=array_check action=maybe_recompile pc=0x00000000080d365c method=org.antlr.v4.runtime.misc.Array2DHashSet.getOrAddImpl(Ljava/lang/Object;)Ljava/lang/Object; @ 133
Event: 6827.306 Thread 0x000000001f7b7800 Uncommon trap: reason=predicate action=maybe_recompile pc=0x0000000005b8c58c method=java.util.Arrays.fill([Ljava/lang/Object;IILjava/lang/Object;)V @ 16
Event: 6827.877 Thread 0x0000000021c7c000 Uncommon trap: reason=null_check action=make_not_entrant pc=0x0000000004fcbf4c method=java.lang.ThreadLocal$ThreadLocalMap.getEntryAfterMiss(Ljava/lang/ThreadLocal;ILjava/lang/ThreadLocal$ThreadLocalMap$Entry;)Ljava/lang/ThreadLocal$ThreadLocalMap$Entry; 

Classes redefined (0 events):
No events

Internal exceptions (10 events):
Event: 6877.739 Thread 0x00000000295ad000 Exception <a 'sun/nio/fs/WindowsException'> (0x00000000ed52f7f8) thrown at [C:\src\AOSP-openjdk-git\hotspot\src\share\vm\prims\jni.cpp, line 710]
Event: 6877.739 Thread 0x00000000295ad000 Exception <a 'sun/nio/fs/WindowsException'> (0x00000000ed530470) thrown at [C:\src\AOSP-openjdk-git\hotspot\src\share\vm\prims\jni.cpp, line 710]
Event: 6877.739 Thread 0x00000000295ad000 Exception <a 'sun/nio/fs/WindowsException'> (0x00000000ed531170) thrown at [C:\src\AOSP-openjdk-git\hotspot\src\share\vm\prims\jni.cpp, line 710]
Event: 6877.740 Thread 0x00000000295ad000 Exception <a 'sun/nio/fs/WindowsException'> (0x00000000ed534d68) thrown at [C:\src\AOSP-openjdk-git\hotspot\src\share\vm\prims\jni.cpp, line 710]
Event: 6877.740 Thread 0x00000000295ad000 Exception <a 'sun/nio/fs/WindowsException'> (0x00000000ed535a20) thrown at [C:\src\AOSP-openjdk-git\hotspot\src\share\vm\prims\jni.cpp, line 710]
Event: 6877.740 Thread 0x00000000295ad000 Exception <a 'sun/nio/fs/WindowsException'> (0x00000000ed536760) thrown at [C:\src\AOSP-openjdk-git\hotspot\src\share\vm\prims\jni.cpp, line 710]
Event: 6877.740 Thread 0x00000000295ad000 Exception <a 'sun/nio/fs/WindowsException'> (0x00000000ed538578) thrown at [C:\src\AOSP-openjdk-git\hotspot\src\share\vm\prims\jni.cpp, line 710]
Event: 6877.740 Thread 0x00000000295ad000 Exception <a 'sun/nio/fs/WindowsException'> (0x00000000ed539240) thrown at [C:\src\AOSP-openjdk-git\hotspot\src\share\vm\prims\jni.cpp, line 710]
Event: 6877.741 Thread 0x00000000295ad000 Exception <a 'sun/nio/fs/WindowsException'> (0x00000000ed539f90) thrown at [C:\src\AOSP-openjdk-git\hotspot\src\share\vm\prims\jni.cpp, line 710]
Event: 6878.025 Thread 0x0000000021c7c000 Exception <a 'sun/nio/fs/WindowsException'> (0x00000000ef648968) thrown at [C:\src\AOSP-openjdk-git\hotspot\src\share\vm\prims\jni.cpp, line 710]

Events (10 events):
Event: 6942.536 Thread 0x000000001f7c2000 Thread added: 0x000000001f7c2000
Event: 6942.539 Thread 0x0000000019418800 flushing nmethod 0x00000000038142d0
Event: 6942.539 Thread 0x0000000019418800 flushing nmethod 0x00000000038b3990
Event: 6942.540 Thread 0x0000000019418800 flushing nmethod 0x000000000394d290
Event: 6942.542 Executing VM operation: RevokeBias
Event: 6942.543 Executing VM operation: RevokeBias done
Event: 6942.549 Thread 0x0000000019418800 flushing nmethod 0x00000000043696d0
Event: 6942.560 Thread 0x000000001f7bd000 Thread added: 0x000000001f7bd000
Event: 6942.563 Thread 0x000000001f7bd800 Thread added: 0x000000001f7bd800
Event: 6942.563 Thread 0x000000001e379000 Thread added: 0x000000001e379000


Dynamic libraries:
0x00007ff6303a0000 - 0x00007ff6303d1000 	C:\Program Files\Android\Android Studio\jre\bin\java.exe
0x00007ffb9ac80000 - 0x00007ffb9ae6d000 	C:\Windows\SYSTEM32\ntdll.dll
0x00007ffb97ed0000 - 0x00007ffb97f84000 	C:\Windows\System32\KERNEL32.DLL
0x00007ffb97100000 - 0x00007ffb97395000 	C:\Windows\System32\KERNELBASE.dll
0x00007ffb97fa0000 - 0x00007ffb98044000 	C:\Windows\System32\ADVAPI32.dll
0x00007ffb99930000 - 0x00007ffb999ce000 	C:\Windows\System32\msvcrt.dll
0x00007ffb9a4f0000 - 0x00007ffb9a58e000 	C:\Windows\System32\sechost.dll
0x00007ffb9a010000 - 0x00007ffb9a12f000 	C:\Windows\System32\RPCRT4.dll
0x00007ffb9a130000 - 0x00007ffb9a2c8000 	C:\Windows\System32\USER32.dll
0x00007ffb97450000 - 0x00007ffb97470000 	C:\Windows\System32\win32u.dll
0x00007ffb9aba0000 - 0x00007ffb9abc9000 	C:\Windows\System32\GDI32.dll
0x00007ffb97470000 - 0x00007ffb9760c000 	C:\Windows\System32\gdi32full.dll
0x00007ffb96dd0000 - 0x00007ffb96e70000 	C:\Windows\System32\msvcp_win.dll
0x00007ffb97d80000 - 0x00007ffb97e7a000 	C:\Windows\System32\ucrtbase.dll
0x00007ffb893f0000 - 0x00007ffb89669000 	C:\Windows\WinSxS\amd64_microsoft.windows.common-controls_6595b64144ccf1df_6.0.17763.2183_none_de75a23453475286\COMCTL32.dll
0x00007ffb9a6e0000 - 0x00007ffb9aa0d000 	C:\Windows\System32\combase.dll
0x00007ffb96d40000 - 0x00007ffb96dc2000 	C:\Windows\System32\bcryptPrimitives.dll
0x00007ffb99790000 - 0x00007ffb997be000 	C:\Windows\System32\IMM32.DLL
0x00000000610f0000 - 0x00000000611c2000 	C:\Program Files\Android\Android Studio\jre\jre\bin\msvcr100.dll
0x00000000611d0000 - 0x0000000061a1b000 	C:\Program Files\Android\Android Studio\jre\jre\bin\server\jvm.dll
0x00007ffb97f90000 - 0x00007ffb97f98000 	C:\Windows\System32\PSAPI.DLL
0x00007ffb91b50000 - 0x00007ffb91b5a000 	C:\Windows\SYSTEM32\VERSION.dll
0x00007ffb8a670000 - 0x00007ffb8a679000 	C:\Windows\SYSTEM32\WSOCK32.dll
0x00007ffb9a610000 - 0x00007ffb9a67d000 	C:\Windows\System32\WS2_32.dll
0x00007ffb87b20000 - 0x00007ffb87b44000 	C:\Windows\SYSTEM32\WINMM.dll
0x00007ffb8b4d0000 - 0x00007ffb8b4fd000 	C:\Windows\SYSTEM32\WINMMBASE.dll
0x00007ffb96e70000 - 0x00007ffb96eba000 	C:\Windows\System32\cfgmgr32.dll
0x00007ffb8d4d0000 - 0x00007ffb8d4df000 	C:\Program Files\Android\Android Studio\jre\jre\bin\verify.dll
0x00007ffb8d250000 - 0x00007ffb8d279000 	C:\Program Files\Android\Android Studio\jre\jre\bin\java.dll
0x00007ffb8d480000 - 0x00007ffb8d496000 	C:\Program Files\Android\Android Studio\jre\jre\bin\zip.dll
0x00007ffb980b0000 - 0x00007ffb995a8000 	C:\Windows\System32\SHELL32.dll
0x00007ffb9a440000 - 0x00007ffb9a4e8000 	C:\Windows\System32\shcore.dll
0x00007ffb97630000 - 0x00007ffb97d7a000 	C:\Windows\System32\windows.storage.dll
0x00007ffb96cb0000 - 0x00007ffb96cd4000 	C:\Windows\System32\profapi.dll
0x00007ffb96ce0000 - 0x00007ffb96d3d000 	C:\Windows\System32\powrprof.dll
0x00007ffb9a680000 - 0x00007ffb9a6d2000 	C:\Windows\System32\shlwapi.dll
0x00007ffb96c90000 - 0x00007ffb96ca1000 	C:\Windows\System32\kernel.appcore.dll
0x00007ffb97610000 - 0x00007ffb97627000 	C:\Windows\System32\cryptsp.dll
0x00007ffb7e020000 - 0x00007ffb7e03a000 	C:\Program Files\Android\Android Studio\jre\jre\bin\net.dll
0x00007ffb964c0000 - 0x00007ffb96527000 	C:\Windows\system32\mswsock.dll
0x00007ffb7dfb0000 - 0x00007ffb7dfc3000 	C:\Program Files\Android\Android Studio\jre\jre\bin\nio.dll
0x00007ffb8b7a0000 - 0x00007ffb8b7c6000 	C:\Users\Cherny\.gradle\native\31\windows-amd64\native-platform.dll
0x00007ffb8d4c0000 - 0x00007ffb8d4cd000 	C:\Program Files\Android\Android Studio\jre\jre\bin\management.dll
0x00007ffb96050000 - 0x00007ffb96083000 	C:\Windows\system32\rsaenh.dll
0x00007ffb97e80000 - 0x00007ffb97ea6000 	C:\Windows\System32\bcrypt.dll
0x00007ffb96ba0000 - 0x00007ffb96bc9000 	C:\Windows\SYSTEM32\USERENV.dll
0x00007ffb96690000 - 0x00007ffb9669c000 	C:\Windows\SYSTEM32\CRYPTBASE.dll
0x00007ffb961e0000 - 0x00007ffb9621d000 	C:\Windows\SYSTEM32\IPHLPAPI.DLL
0x00007ffb99e50000 - 0x00007ffb99e58000 	C:\Windows\System32\NSI.dll
0x00007ffb91b60000 - 0x00007ffb91b76000 	C:\Windows\SYSTEM32\dhcpcsvc6.DLL
0x00007ffb91b30000 - 0x00007ffb91b4c000 	C:\Windows\SYSTEM32\dhcpcsvc.DLL
0x00007ffb96220000 - 0x00007ffb962e6000 	C:\Windows\SYSTEM32\DNSAPI.dll
0x0000000025170000 - 0x0000000025262000 	C:\Users\Cherny\AppData\Local\Temp\room-1cacafe6-4673-4d6c-93e5-44169c692f70\sqlite-3.20.1-f009cfe4-1c02-4dde-9a3b-ee2c3e25361b-sqlitejdbc.dll
0x000000006adc0000 - 0x000000006aeb2000 	C:\Users\Cherny\AppData\Local\Temp\room-13bf16af-ed1d-47e0-8afd-1f453064f88e\sqlite-3.20.1-07e5f3ed-4bba-4e2e-b7c9-7b127f1bc69b-sqlitejdbc.dll
0x00000000009b0000 - 0x0000000000aa2000 	C:\Users\Cherny\AppData\Local\Temp\room-7f3f3999-2caf-416d-b9ea-9247b1252953\sqlite-3.20.1-5250a370-24cc-4c52-98ad-b90542b8e8f0-sqlitejdbc.dll

VM Arguments:
jvm_args: -Xmx2048m -Dfile.encoding=windows-1251 -Duser.country=RU -Duser.language=ru -Duser.variant 
java_command: org.gradle.launcher.daemon.bootstrap.GradleDaemon 6.1.1
java_class_path (initial): C:\Users\Cherny\.gradle\wrapper\dists\gradle-6.1.1-all\cfmwm155h49vnt3hynmlrsdst\gradle-6.1.1\lib\gradle-launcher-6.1.1.jar
Launcher Type: SUN_STANDARD

Environment Variables:
JAVA_HOME=C:\Program Files\Java\jdk-14.0.1
PATH=C:\Program Files (x86)\Common Files\Oracle\Java\javapath;C:\Program Files\Microsoft MPI\Bin\;C:\ProgramData\Oracle\Java\javapath;C:\Windows\system32;C:\Windows;C:\Windows\System32\Wbem;C:\Windows\System32\WindowsPowerShell\v1.0\;C:\Windows\System32\OpenSSH\;C:\Program Files (x86)\NVIDIA Corporation\PhysX\Common;C:\Program Files\NVIDIA Corporation\NVIDIA NvDLISR;C:\Program Files\Java\jdk-14.0.1\bin;C:\Program Files\dotnet\;D:\Program Files (x86)\Rational\common;C:\Program Files (x86)\Microsoft SQL Server\150\Tools\Binn\;C:\Program Files\Microsoft SQL Server\150\Tools\Binn\;C:\Program Files (x86)\Microsoft SQL Server\150\DTS\Binn\;C:\Program Files\Microsoft SQL Server\150\DTS\Binn\;C:\Program Files\Microsoft SQL Server\Client SDK\ODBC\170\Tools\Binn\;C:\Program Files\Common Files\Autodesk Shared\;C:\Program Files\Microsoft SQL Server\120\Tools\Binn\;C:\Users\Cherny\AppData\Local\Microsoft\WindowsApps;C:\Users\Cherny\AppData\Local\Programs\Git\cmd;C:\Program Files\maven3.8.2\bin;
USERNAME=Cherny
OS=Windows_NT
PROCESSOR_IDENTIFIER=AMD64 Family 23 Model 24 Stepping 1, AuthenticAMD



---------------  S Y S T E M  ---------------

OS: Windows 10.0 , 64 bit Build 17763 (10.0.17763.2145)

CPU:total 8 (initial active 8) (8 cores per cpu, 1 threads per core) family 23 model 24 stepping 1, cmov, cx8, fxsr, mmx, sse, sse2, sse3, ssse3, sse4.1, sse4.2, popcnt, avx, avx2, aes, clmul, mmxext, 3dnowpref, lzcnt, sse4a, tsc, tscinvbit, tscinv, bmi1

Memory: 4k page, physical 16188772k(3691852k free), swap 47367392k(10140k free)

vm_info: OpenJDK 64-Bit Server VM (25.242-b01) for windows-amd64 JRE (1.8.0_242-release-1644-b01), built by "builder" with MS VC++ 10.0 (VS2010)

time: Sun Oct 03 13:30:04 2021
timezone: RTZ 2 (зима)
elapsed time: 6942 seconds (0d 1h 55m 42s)

